<?xml version="1.0" encoding="UTF-8"?>
<!-- Generated by org.testng.reporters.JUnitReportReporter -->
<testsuite skipped="0" hostname="22HW020539" name="testcases.LogginAplication" tests="1" failures="0" timestamp="17 Apr 2018 19:19:20 GMT" time="9.414" errors="0">
  <testcase name="login" time="9.414" classname="testcases.LogginAplication"/>
</testsuite> <!-- testcases.LogginAplication -->
